Servicing hardware INT=0x08
Servicing hardware INT=0x08
Servicing hardware INT=0x0e
Servicing hardware INT=0x0e
Servicing hardware INT=0x0e
Servicing hardware INT=0x0e
Servicing hardware INT=0x08
Servicing hardware INT=0x0e
Servicing hardware INT=0x0e
Servicing hardware INT=0x08
Servicing hardware INT=0x08
Servicing hardware INT=0x08
Servicing hardware INT=0x08
Servicing hardware INT=0x08
Servicing hardware INT=0x08
Servicing hardware INT=0x08
     0: v=80 e=0000 i=1 cpl=0 IP=0008:ffffffff80000034 pc=ffffffff80000034 SP=0010:ffff80000ff6dff0 env->regs[R_EAX]=0000000000000010
RAX=0000000000000010 RBX=0000000000000000 RCX=0000000000000010 RDX=0000000000000001
RSI=000000000000d805 RDI=ffffffff8000776c RBP=ffff80000ff6dff0 RSP=ffff80000ff6dff0
R8 =0000000000000000 R9 =0000000000000018 R10=000000000fb46560 R11=0000000000000019
R12=0000000000000000 R13=0000000000000000 R14=0000000000000000 R15=0000000000000000
RIP=ffffffff80000034 RFL=00000282 [--S----] CPL=0 II=0 A20=1 SMM=0 HLT=0
ES =0010 0000000000000000 00000fff 00c09300 DPL=0 DS   [-WA]
CS =0008 0000000000000000 00000fff 00a09a00 DPL=0 CS64 [-R-]
SS =0010 0000000000000000 00000fff 00c09300 DPL=0 DS   [-WA]
DS =0010 0000000000000000 00000fff 00c09300 DPL=0 DS   [-WA]
FS =0010 0000000000000000 00000fff 00c09300 DPL=0 DS   [-WA]
GS =0030 0000000000000000 00000000 00009300 DPL=0 DS   [-WA]
LDT=0000 0000000000000000 00000000 00008200 DPL=0 LDT
TR =0030 ffffffff80000067 00007820 00008900 DPL=0 TSS64-avl
GDT=     ffffffff800077e0 0000003f
IDT=     ffffffff800078a0 00000fff
CR0=80010011 CR2=0000000000000000 CR3=0000000000056000 CR4=00000020
DR0=0000000000000000 DR1=0000000000000000 DR2=0000000000000000 DR3=0000000000000000 
DR6=00000000ffff0ff0 DR7=0000000000000400
CCS=0000000000000050 CCD=ffff80000ff6dfd0 CCO=ADDQ
EFER=0000000000000d00
